0 info it worked if it ends with ok
1 verbose cli [ '/usr/local/bin/node', '/usr/local/bin/npm', 'publish' ]
2 info using npm@3.3.5
3 info using node@v4.1.1
4 verbose publish [ '.' ]
5 silly cache add args [ '.', null ]
6 verbose cache add spec .
7 silly cache add parsed spec Result {
7 silly cache add   raw: '.',
7 silly cache add   scope: null,
7 silly cache add   name: null,
7 silly cache add   rawSpec: '.',
7 silly cache add   spec: '/Users/pradeep.ksm/Learning/scrap/react-sidebar',
7 silly cache add   type: 'directory' }
8 verbose addLocalDirectory /Users/pradeep.ksm/.npm/react-sidebar/1.1.0/package.tgz not in flight; packing
9 info lifecycle react-sidebar@1.1.0~prepublish: react-sidebar@1.1.0
10 silly lifecycle react-sidebar@1.1.0~prepublish: no script for prepublish, continuing
11 verbose tar pack [ '/Users/pradeep.ksm/.npm/react-sidebar/1.1.0/package.tgz',
11 verbose tar pack   '/Users/pradeep.ksm/Learning/scrap/react-sidebar' ]
12 verbose tarball /Users/pradeep.ksm/.npm/react-sidebar/1.1.0/package.tgz
13 verbose folder /Users/pradeep.ksm/Learning/scrap/react-sidebar
14 verbose addLocalTarball adding from inside cache /Users/pradeep.ksm/.npm/react-sidebar/1.1.0/package.tgz
15 silly cache afterAdd react-sidebar@1.1.0
16 verbose afterAdd /Users/pradeep.ksm/.npm/react-sidebar/1.1.0/package/package.json not in flight; writing
17 verbose afterAdd /Users/pradeep.ksm/.npm/react-sidebar/1.1.0/package/package.json written
18 silly publish { name: 'react-sidebar',
18 silly publish   version: '1.1.0',
18 silly publish   author: { name: 'Paulus Schoutsen', email: 'Paulus@PaulusSchoutsen.nl' },
18 silly publish   description: 'A sidebar component for React.',
18 silly publish   main: 'dist-modules/index.js',
18 silly publish   scripts:
18 silly publish    { build: 'babel src --out-dir dist-modules && webpack',
18 silly publish      dev: 'webpack --watch' },
18 silly publish   keywords: [ 'component', 'react', 'react-component', 'sidebar' ],
18 silly publish   repository:
18 silly publish    { type: 'git',
18 silly publish      url: 'git://github.com/balloob/react-sidebar.git' },
18 silly publish   license: 'MIT',
18 silly publish   devDependencies:
18 silly publish    { babel: '^5.8.23',
18 silly publish      'babel-core': '^5.8.25',
18 silly publish      'babel-loader': '^5.3.2',
18 silly publish      react: '^0.13.3',
18 silly publish      webpack: '^1.12.2',
18 silly publish      'webpack-dev-server': '^1.11.0' },
18 silly publish   readme: 'React Sidebar [![npm version](https://badge.fury.io/js/react-sidebar.svg)](http://badge.fury.io/js/react-sidebar)\n=============\n\nReact Sidebar is a sidebar component for React. It offers the following features:\n\n  - Have the sidebar slide over main content\n  - Dock the sidebar on the left of the content\n  - Touch enabled: swipe to open and close the sidebar\n  - Easy to combine with media queries for auto-docking ([see example](http://balloob.github.io/react-sidebar/example/responsive_example.html))\n  - Sidebar and content passed in as PORCs (Plain Old React Components)\n  - MIT license\n  - Only dependency is React.\n\n[See a demo here.](http://balloob.github.io/react-sidebar/example/)\n\nTouch specifics\n---------------\nThe touch interaction of the React Sidebar mimics the interactions that are supported by Android apps that implement the material design spec:\n\n - When the sidebar is closed, dragging from the left side of the screen will have the right side of the sidebar follow your finger.\n - When the sidebar is open, sliding your finger over the screen will only affect the sidebar once your finger is over the sidebar.\n - On release, it will call `onSetOpen` prop if the distance the sidebar was dragged is more than the `dragToggleDistance` prop.\n\nSupported props\n---------------\n\n| Property name | Type | Default | Description |\n|---------------|------|---------|-------------|\n| children | Anything React can render | n/a | The main content |\n| sidebar | Anything React can render | n/a | The sidebar content |\n| onSetOpen | function | n/a | Callback called when the sidebar wants to change the open prop. Happens after sliding the sidebar and when the overlay is clicked when the sidebar is open. |\n| docked | boolean | false | If the sidebar should be always visible |\n| open | boolean | false | If the sidebar should be open |\n| transitions | boolean | true | If transitions should be enabled |\n| touch | boolean | true | If touch gestures should be enabled |\n| touchHandleWidth | number | 20 | Width in pixels you can start dragging from the edge when the sidebar is closed. |\n| dragToggleDistance | number | 30 | Distance the sidebar has to be dragged before it will open/close after it is released. |\n| pullRight | boolean | false | Place the sidebar on the right |\n| shadow | boolean | true | Enable/Disable sidebar shadow |\n\nInstallation\n------------\nReact Sidebar is available on NPM. Install the package into your project: `npm install react-sidebar --save`\n\nGetting started\n-----------------\nBy design, React Sidebar does not keep track of whether it is open or not. This has to be done by the parent component. This allows the parent component to make changes to the sidebar and main content based on the open/docked state. An example could be to hide the "show menu" button from the main content when the sidebar is docked.\n\nBecause React Sidebar can be toggled by dragging the sidebar into its open/closed position, you will have to pass in an `onSetOpen` method as a prop to allow the sidebar to control the open state in the parent.\n\nThe minimum React component to integrate React Sidebar looks like this:\n\n```javascript\nvar React = require(\'react\');\nvar Sidebar = require(\'react-sidebar\');\n\nvar App = React.createClass({\n  getInitialState: function() {\n    return {sidebarOpen: false};\n  },\n\n  onSetSidebarOpen: function(open) {\n    this.setState({sidebarOpen: open});\n  },\n\n  render: function() {\n    var sidebarContent = <b>Sidebar content</b>;\n\n    return (\n      <Sidebar sidebar={sidebarContent}\n               open={this.state.sidebarOpen}\n               onSetOpen={this.onSetSidebarOpen}>\n        <b>Main content</b>\n      </Sidebar>\n    );\n  }\n});\n\nmodule.exports = App;\n```\n\nResponsive sidebar\n------------------\nA common use case for a sidebar is to show it automatically when there is enough screen width available. This can be achieved using media queries via [`window.matchMedia`][mdn-matchmedia]. This again has to be integrated into the parent component so you can use the information to make changes to the sidebar and main content.\n\n[mdn-matchmedia]: https://developer.mozilla.org/en-US/docs/Web/API/Window/matchMedia\n\n```javascript\nvar React = require(\'react\');\nvar Sidebar = require(\'react-sidebar\');\n\nvar App = React.createClass({\n  getInitialState() {\n    return {sidebarOpen: false, sidebarDocked: false};\n  },\n\n  onSetSidebarOpen: function(open) {\n    this.setState({sidebarOpen: open});\n  },\n\n  componentWillMount: function() {\n    var mql = window.matchMedia(`(min-width: 800px)`);\n    mql.addListener(this.mediaQueryChanged);\n    this.setState({mql: mql, docked: mql.matches});\n  },\n\n  componentWillUnmount: function() {\n    this.state.mql.removeListener(this.mediaQueryChanged);\n  },\n\n  mediaQueryChanged: function() {\n    this.setState({sidebarDocked: this.state.mql.matches});\n  },\n\n  render: function() {\n    var sidebarContent = <b>Sidebar content</b>;\n\n    return (\n      <Sidebar sidebar={sidebarContent}\n               open={this.state.sidebarOpen}\n               docked={this.state.sidebarDocked}\n               onSetOpen={this.onSetSidebarOpen}>\n        <b>Main content</b>\n      </Sidebar>\n    );\n  }\n});\n\nmodule.exports = App;\n```\n\nAcknowledgements\n----------------\n\nMy goal was to make a React Component that implements the [material design spec for navigation drawers](http://www.google.com/design/spec/patterns/navigation-drawer.html#navigation-drawer-content). My initial attempt was to improve [hamburger-basement by arnemart](https://github.com/arnemart/hamburger-basement) but I quickly figured that I better start from scratch. Still, that project helped me a ton to get started.\n',
18 silly publish   readmeFilename: 'README.md',
18 silly publish   gitHead: '1995382ae20b1641d032d1a5c59333b34c6de40c',
18 silly publish   bugs: { url: 'https://github.com/balloob/react-sidebar/issues' },
18 silly publish   homepage: 'https://github.com/balloob/react-sidebar#readme',
18 silly publish   _id: 'react-sidebar@1.1.0',
18 silly publish   _shasum: 'b5b450793d1caa628ff9e66660b5808ed0c8a0c2',
18 silly publish   _from: '.' }
19 verbose getPublishConfig undefined
20 silly mapToRegistry name react-sidebar
21 silly mapToRegistry using default registry
22 silly mapToRegistry registry https://registry.npmjs.org/
23 silly mapToRegistry uri https://registry.npmjs.org/react-sidebar
24 verbose publish registryBase https://registry.npmjs.org/
25 silly publish uploading /Users/pradeep.ksm/.npm/react-sidebar/1.1.0/package.tgz
26 verbose request uri https://registry.npmjs.org/react-sidebar
27 verbose request sending authorization for write operation
28 info attempt registry request try #1 at 6:42:13 PM
29 verbose request using bearer token for auth
30 verbose request id f98252b36c25f040
31 http request PUT https://registry.npmjs.org/react-sidebar
32 http 403 https://registry.npmjs.org/react-sidebar
33 verbose headers { 'content-type': 'application/json',
33 verbose headers   'cache-control': 'max-age=60',
33 verbose headers   'content-length': '105',
33 verbose headers   'accept-ranges': 'bytes',
33 verbose headers   date: 'Sun, 08 Nov 2015 13:12:11 GMT',
33 verbose headers   via: '1.1 varnish',
33 verbose headers   connection: 'keep-alive',
33 verbose headers   'x-served-by': 'cache-sin6922-SIN',
33 verbose headers   'x-cache': 'MISS',
33 verbose headers   'x-cache-hits': '0',
33 verbose headers   'x-timer': 'S1446988330.186614,VS0,VE813' }
34 verbose request invalidating /Users/pradeep.ksm/.npm/registry.npmjs.org/react-sidebar on PUT
35 error publish Failed PUT 403
36 verbose stack Error: You do not have permission to publish 'react-sidebar'. Are you logged in as the correct user? : react-sidebar
36 verbose stack     at makeError (/usr/local/lib/node_modules/npm/node_modules/npm-registry-client/lib/request.js:264:12)
36 verbose stack     at CachingRegistryClient.<anonymous> (/usr/local/lib/node_modules/npm/node_modules/npm-registry-client/lib/request.js:252:14)
36 verbose stack     at Request._callback (/usr/local/lib/node_modules/npm/node_modules/npm-registry-client/lib/request.js:172:14)
36 verbose stack     at Request.self.callback (/usr/local/lib/node_modules/npm/node_modules/request/request.js:198:22)
36 verbose stack     at emitTwo (events.js:87:13)
36 verbose stack     at Request.emit (events.js:172:7)
36 verbose stack     at Request.<anonymous> (/usr/local/lib/node_modules/npm/node_modules/request/request.js:1063:14)
36 verbose stack     at emitOne (events.js:82:20)
36 verbose stack     at Request.emit (events.js:169:7)
36 verbose stack     at IncomingMessage.<anonymous> (/usr/local/lib/node_modules/npm/node_modules/request/request.js:1009:12)
37 verbose statusCode 403
38 verbose pkgid react-sidebar
39 verbose cwd /Users/pradeep.ksm/Learning/scrap/react-sidebar
40 error Darwin 14.4.0
41 error argv "/usr/local/bin/node" "/usr/local/bin/npm" "publish"
42 error node v4.1.1
43 error npm  v3.3.5
44 error code E403
45 error You do not have permission to publish 'react-sidebar'. Are you logged in as the correct user? : react-sidebar
46 error If you need help, you may report this error at:
46 error     <https://github.com/npm/npm/issues>
47 verbose exit [ 1, true ]
